<?xml version="1.0" encoding="UTF-8"?>
<!-- Generated by org.testng.reporters.JUnitXMLReporter -->
<testsuite ignored="0" hostname="Vrishalis-MacBook-Air.local" failures="0" tests="5" name="Default test" time="10.269" errors="0" timestamp="2023-06-27T17:07:09 PDT">
  <testcase classname="com.restTests.simpleTests.TekarchAPIEndToEnd" name="loginToTekarchAPI" time="2.214"/>
  <testcase classname="com.restTests.simpleTests.TekarchAPIEndToEnd" name="createUser" time="0.868"/>
  <testcase classname="com.restTests.simpleTests.TekarchAPIEndToEnd" name="getUsers" time="5.775"/>
  <testcase classname="com.restTests.simpleTests.TekarchAPIEndToEnd" name="updateUser" time="0.328"/>
  <testcase classname="com.restTests.simpleTests.TekarchAPIEndToEnd" name="deleteUser" time="0.245"/>
</testsuite> <!-- Default test -->
