<?xml version="1.0" encoding="UTF-8"?>
<!-- Generated by org.testng.reporters.JUnitXMLReporter -->
<testsuite ignored="0" hostname="Vrishalis-MacBook-Air.local" failures="0" tests="5" name="Default test" time="19.746" errors="0" timestamp="2023-06-26T19:12:27 PDT">
  <testcase classname="com.restTests.simpleTests.TekarchAPIEndToEnd" name="loginToTekarchAPI" time="2.349"/>
  <testcase classname="com.restTests.simpleTests.TekarchAPIEndToEnd" name="createUser" time="2.916"/>
  <testcase classname="com.restTests.simpleTests.TekarchAPIEndToEnd" name="getUsers" time="12.9"/>
  <testcase classname="com.restTests.simpleTests.TekarchAPIEndToEnd" name="deleteUser" time="0.356"/>
  <testcase classname="com.restTests.simpleTests.TekarchAPIEndToEnd" name="updateUser" time="0.324"/>
</testsuite> <!-- Default test -->
